<?xml version="1.0" encoding="UTF-8"?>
<!-- Generated by org.testng.reporters.JUnitXMLReporter -->
<testsuite hostname="KIRAN-PTPL026" failures="0" tests="7" name="Test" time="304.195" errors="0" timestamp="5 Dec 2018 11:26:06 GMT">
  <testcase classname="com.pype.closeout.testsuite.test.IVT_SuperAdminTest" name="CheckSuperAdmin" time="32.642"/>
  <testcase classname="com.pype.closeout.testsuite.test.IVT_CompanyAdminTest" name="CATabs" time="21.313"/>
  <testcase classname="com.pype.closeout.testsuite.test.IVT_CompanyUserTest" name="CompanyUserTabs" time="21.675"/>
  <testcase classname="com.pype.closeout.testsuite.test.IVT_GeneralContractorTest" name="GCTabs" time="19.679"/>
  <testcase classname="com.pype.closeout.testsuite.test.IVT_SubContractorTest" name="SCTabs" time="13.013"/>
  <testcase classname="com.pype.closeout.testsuite.test.IVT_OwnerTest" name="OwnerTabs" time="18.486"/>
  <testcase classname="com.pype.closeout.testsuite.test.IVT_ArchitectureTest" name="ArchitechTabs" time="22.865"/>
</testsuite> <!-- Test -->
