# JRE version: Java(TM) SE Runtime Environment (10.0.1+10) (build 10.0.1+10)
# Java VM: Java HotSpot(TM) 64-Bit Server VM (10.0.1+10, mixed mode, tiered, compressed oops, g1 gc, windows-amd64)
Heap:
 garbage-first heap   total 131072K, used 16064K [0x0000000081800000, 0x0000000100000000)
  region size 1024K, 10 young (10240K), 5 survivors (5120K)
 Metaspace       used 28719K, capacity 29301K, committed 29824K, reserved 1075200K
  class space    used 3362K, capacity 3611K, committed 3712K, reserved 1048576K
GC Heap History (8 events):
Event: 0.977 GC heap before
{Heap before GC invocations=0 (full 0):
 garbage-first heap   total 131072K, used 15360K [0x0000000081800000, 0x0000000100000000)
  region size 1024K, 14 young (14336K), 0 survivors (0K)
 Metaspace       used 11544K, capacity 11798K, committed 12032K, reserved 1060864K
  class space    used 1191K, capacity 1257K, committed 1280K, reserved 1048576K
}
Event: 0.982 GC heap after
{Heap after GC invocations=1 (full 0):
 garbage-first heap   total 131072K, used 5469K [0x0000000081800000, 0x0000000100000000)
  region size 1024K, 2 young (2048K), 2 survivors (2048K)
 Metaspace       used 11544K, capacity 11798K, committed 12032K, reserved 1060864K
  class space    used 1191K, capacity 1257K, committed 1280K, reserved 1048576K
}
Event: 31.654 GC heap before
{Heap before GC invocations=1 (full 0):
 garbage-first heap   total 131072K, used 16733K [0x0000000081800000, 0x0000000100000000)
  region size 1024K, 13 young (13312K), 2 survivors (2048K)
 Metaspace       used 15655K, capacity 16003K, committed 16256K, reserved 1062912K
  class space    used 1699K, capacity 1834K, committed 1920K, reserved 1048576K
}
Event: 31.659 GC heap after
{Heap after GC invocations=2 (full 0):
 garbage-first heap   total 131072K, used 7187K [0x0000000081800000, 0x0000000100000000)
  region size 1024K, 2 young (2048K), 2 survivors (2048K)
 Metaspace       used 15655K, capacity 16003K, committed 16256K, reserved 1062912K
  class space    used 1699K, capacity 1834K, committed 1920K, reserved 1048576K
}
Event: 190.487 GC heap before
{Heap before GC invocations=2 (full 0):
 garbage-first heap   total 131072K, used 26643K [0x0000000081800000, 0x0000000100000000)
  region size 1024K, 22 young (22528K), 2 survivors (2048K)
 Metaspace       used 20467K, capacity 20923K, committed 21296K, reserved 1069056K
  class space    used 2362K, capacity 2569K, committed 2688K, reserved 1048576K
}
Event: 190.492 GC heap after
{Heap after GC invocations=3 (full 0):
 garbage-first heap   total 131072K, used 9054K [0x0000000081800000, 0x0000000100000000)
  region size 1024K, 4 young (4096K), 4 survivors (4096K)
 Metaspace       used 20467K, capacity 20923K, committed 21296K, reserved 1069056K
  class space    used 2362K, capacity 2569K, committed 2688K, reserved 1048576K
}
Event: 379.361 GC heap before
{Heap before GC invocations=4 (full 0):
 garbage-first heap   total 131072K, used 41822K [0x0000000081800000, 0x0000000100000000)
  region size 1024K, 36 young (36864K), 4 survivors (4096K)
 Metaspace       used 27086K, capacity 27674K, committed 28032K, reserved 1073152K
  class space    used 3199K, capacity 3434K, committed 3456K, reserved 1048576K
}
Event: 379.372 GC heap after
{Heap after GC invocations=5 (full 0):
 garbage-first heap   total 131072K, used 11968K [0x0000000081800000, 0x0000000100000000)
  region size 1024K, 5 young (5120K), 5 survivors (5120K)
 Metaspace       used 27086K, capacity 27674K, committed 28032K, reserved 1073152K
  class space    used 3199K, capacity 3434K, committed 3456K, reserved 1048576K
}

