<?xml version="1.0" encoding="UTF-8"?>
<!-- Generated by org.testng.reporters.JUnitXMLReporter -->
<testsuite hostname="KIRAN-PTPL026" failures="1" tests="2" name="Test" time="42.114" errors="0" timestamp="12 Nov 2018 17:26:20 GMT">
  <testcase classname="com.pype.closeout.testsuite.test.TempmailRegistrationTest$LoginPageTest" name="tempmail" time="42.022"/>
  <testcase classname="com.pype.closeout.testsuite.test.RegistrationPageTest" name="Register" time="0.056">
    <failure type="java.lang.NullPointerException">
      <![CDATA[java.lang.NullPointerException
	at java.base/java.util.Objects.requireNonNull(Unknown Source)
	at org.openqa.selenium.support.ui.FluentWait.<init>(FluentWait.java:115)
	at org.openqa.selenium.support.ui.WebDriverWait.<init>(WebDriverWait.java:102)
	at org.openqa.selenium.support.ui.WebDriverWait.<init>(WebDriverWait.java:45)
	at com.pype.closeout.testsuite.pages.LoginPage.Signuplink(LoginPage.java:53)
	at com.pype.closeout.testsuite.behaviour.LoginPageBehaviour.sigupbutton(LoginPageBehaviour.java:30)
	at com.pype.closeout.testsuite.test.RegistrationPageTest.Register(RegistrationPageTest.java:57)
... Removed 24 stack frames]]>
    </failure>
  </testcase> <!-- Register -->
</testsuite> <!-- Test -->
